1522305362926	geckodriver	INFO	geckodriver 0.19.1
1522305362930	geckodriver	INFO	Listening on 127.0.0.1:59235
1522305364108	mozrunner::runner	INFO	Running command: "/usr/bin/firefox" "-marionette" "-profile" "/tmp/rust_mozprofile.qUsnQxYvQMl2"
1522305370062	Marionette	INFO	Enabled via --marionette
1522305375234	Marionette	INFO	Listening on port 43681
1522305375336	Marionette	WARN	TLS certificate errors will be ignored for this session
1522305375872	addons.xpi	WARN	Exception running bootstrap method shutdown on activity-stream@mozilla.org: [Exception... "Component returned failure code: 0x80004005 (NS_ERROR_FAILURE) [nsIObserverService.removeObserver]"  nsresult: "0x80004005 (NS_ERROR_FAILURE)"  location: "JS frame :: resource://activity-stream/lib/SnippetsFeed.jsm :: uninit :: line 125"  data: no] Stack trace: uninit()@resource://activity-stream/lib/SnippetsFeed.jsm:125 < onAction()@resource://activity-stream/lib/SnippetsFeed.jsm:141 < _middleware/</<()@resource://activity-stream/lib/Store.jsm:51 < Store/this[method]()@resource://activity-stream/lib/Store.jsm:30 < uninit()@resource://activity-stream/lib/Store.jsm:153 < uninit()@resource://activity-stream/lib/ActivityStream.jsm:274 < uninit()@resource://gre/modules/addons/XPIProvider.jsm -> jar:file:///usr/lib/firefox/browser/features/activity-stream@mozilla.org.xpi!/bootstrap.js:80 < shutdown()@resource://gre/modules/addons/XPIProvider.jsm -> jar:file:///usr/lib/firefox/browser/features/activity-stream@mozilla.org.xpi!/bootstrap.js:196 < callBootstrapMethod()@resource://gre/modules/addons/XPIProvider.jsm:4419 < observe()@resource://gre/modules/addons/XPIProvider.jsm:2279 < GeckoDriver.prototype.quit()@driver.js:3270 < despatch()@server.js:557 < execute()@server.js:531 < onPacket/<()@server.js:506 < onPacket()@server.js:505 < _onJSONObjectReady/<()@transport.js:500
[Child 4765, Chrome_ChildThread] WARNING: pipe error (34): Connection reset by peer: file /build/firefox-bnkF86/firefox-59.0+build5/ipc/chromium/src/chrome/common/ipc_channel_posix.cc, line 353
[Child 4765, Chrome_ChildThread] WARNING: pipe error (25): Connection reset by peer: file /build/firefox-bnkF86/firefox-59.0+build5/ipc/chromium/src/chrome/common/ipc_channel_posix.cc, line 353
[Child 4765, Chrome_ChildThread] WARNING: pipe error (3): Connection reset by peer: file /build/firefox-bnkF86/firefox-59.0+build5/ipc/chromium/src/chrome/common/ipc_channel_posix.cc, line 353
1522307138530	geckodriver	INFO	geckodriver 0.19.1
1522307138533	geckodriver	INFO	Listening on 127.0.0.1:54231
1522307139626	mozrunner::runner	INFO	Running command: "/usr/bin/firefox" "-marionette" "-profile" "/tmp/rust_mozprofile.bCzzhrdpy6CK"
1522307140340	Marionette	INFO	Enabled via --marionette
1522307142382	Marionette	INFO	Listening on port 46261
1522307142448	Marionette	WARN	TLS certificate errors will be ignored for this session
1522307142604	addons.xpi	WARN	Exception running bootstrap method shutdown on activity-stream@mozilla.org: [Exception... "Component returned failure code: 0x80004005 (NS_ERROR_FAILURE) [nsIObserverService.removeObserver]"  nsresult: "0x80004005 (NS_ERROR_FAILURE)"  location: "JS frame :: resource://activity-stream/lib/SnippetsFeed.jsm :: uninit :: line 125"  data: no] Stack trace: uninit()@resource://activity-stream/lib/SnippetsFeed.jsm:125 < onAction()@resource://activity-stream/lib/SnippetsFeed.jsm:141 < _middleware/</<()@resource://activity-stream/lib/Store.jsm:51 < Store/this[method]()@resource://activity-stream/lib/Store.jsm:30 < uninit()@resource://activity-stream/lib/Store.jsm:153 < uninit()@resource://activity-stream/lib/ActivityStream.jsm:274 < uninit()@resource://gre/modules/addons/XPIProvider.jsm -> jar:file:///usr/lib/firefox/browser/features/activity-stream@mozilla.org.xpi!/bootstrap.js:80 < shutdown()@resource://gre/modules/addons/XPIProvider.jsm -> jar:file:///usr/lib/firefox/browser/features/activity-stream@mozilla.org.xpi!/bootstrap.js:196 < callBootstrapMethod()@resource://gre/modules/addons/XPIProvider.jsm:4419 < observe()@resource://gre/modules/addons/XPIProvider.jsm:2279 < GeckoDriver.prototype.quit()@driver.js:3270 < despatch()@server.js:557 < execute()@server.js:531 < onPacket/<()@server.js:506 < onPacket()@server.js:505 < _onJSONObjectReady/<()@transport.js:500
[Child 5303, Chrome_ChildThread] WARNING: pipe error (34): Connection reset by peer: file /build/firefox-bnkF86/firefox-59.0+build5/ipc/chromium/src/chrome/common/ipc_channel_posix.cc, line 353
[Child 5303, Chrome_ChildThread] WARNING: pipe error (15): Connection reset by peer: file /build/firefox-bnkF86/firefox-59.0+build5/ipc/chromium/src/chrome/common/ipc_channel_posix.cc, line 353
[Child 5303, Chrome_ChildThread] WARNING: pipe error (3): Connection reset by peer: file /build/firefox-bnkF86/firefox-59.0+build5/ipc/chromium/src/chrome/common/ipc_channel_posix.cc, line 353
1522307170661	geckodriver	INFO	geckodriver 0.19.1
1522307170664	geckodriver	INFO	Listening on 127.0.0.1:48589
1522307171760	mozrunner::runner	INFO	Running command: "/usr/bin/firefox" "-marionette" "-profile" "/tmp/rust_mozprofile.X5LcJLCYEKKV"
1522307172406	Marionette	INFO	Enabled via --marionette
1522307174382	Marionette	INFO	Listening on port 34177
1522307174488	Marionette	WARN	TLS certificate errors will be ignored for this session
1522307174682	addons.xpi	WARN	Exception running bootstrap method shutdown on activity-stream@mozilla.org: [Exception... "Component returned failure code: 0x80004005 (NS_ERROR_FAILURE) [nsIObserverService.removeObserver]"  nsresult: "0x80004005 (NS_ERROR_FAILURE)"  location: "JS frame :: resource://activity-stream/lib/SnippetsFeed.jsm :: uninit :: line 125"  data: no] Stack trace: uninit()@resource://activity-stream/lib/SnippetsFeed.jsm:125 < onAction()@resource://activity-stream/lib/SnippetsFeed.jsm:141 < _middleware/</<()@resource://activity-stream/lib/Store.jsm:51 < Store/this[method]()@resource://activity-stream/lib/Store.jsm:30 < uninit()@resource://activity-stream/lib/Store.jsm:153 < uninit()@resource://activity-stream/lib/ActivityStream.jsm:274 < uninit()@resource://gre/modules/addons/XPIProvider.jsm -> jar:file:///usr/lib/firefox/browser/features/activity-stream@mozilla.org.xpi!/bootstrap.js:80 < shutdown()@resource://gre/modules/addons/XPIProvider.jsm -> jar:file:///usr/lib/firefox/browser/features/activity-stream@mozilla.org.xpi!/bootstrap.js:196 < callBootstrapMethod()@resource://gre/modules/addons/XPIProvider.jsm:4419 < observe()@resource://gre/modules/addons/XPIProvider.jsm:2279 < GeckoDriver.prototype.quit()@driver.js:3270 < despatch()@server.js:557 < execute()@server.js:531 < onPacket/<()@server.js:506 < onPacket()@server.js:505 < _onJSONObjectReady/<()@transport.js:500
[Child 5461, Chrome_ChildThread] WARNING: pipe error (34): Connection reset by peer: file /build/firefox-bnkF86/firefox-59.0+build5/ipc/chromium/src/chrome/common/ipc_channel_posix.cc, line 353
[Child 5461, Chrome_ChildThread] WARNING: pipe error (15): Connection reset by peer: file /build/firefox-bnkF86/firefox-59.0+build5/ipc/chromium/src/chrome/common/ipc_channel_posix.cc, line 353
[Child 5461, Chrome_ChildThread] WARNING: pipe error (3): Connection reset by peer: file /build/firefox-bnkF86/firefox-59.0+build5/ipc/chromium/src/chrome/common/ipc_channel_posix.cc, line 353
1522307204879	geckodriver	INFO	geckodriver 0.19.1
1522307204881	geckodriver	INFO	Listening on 127.0.0.1:59013
1522307205976	mozrunner::runner	INFO	Running command: "/usr/bin/firefox" "-marionette" "-profile" "/tmp/rust_mozprofile.Vo2QbdiHFE8c"
1522307206630	Marionette	INFO	Enabled via --marionette
1522307208688	Marionette	INFO	Listening on port 36255
1522307208786	Marionette	WARN	TLS certificate errors will be ignored for this session
1522307208966	addons.xpi	WARN	Exception running bootstrap method shutdown on activity-stream@mozilla.org: [Exception... "Component returned failure code: 0x80004005 (NS_ERROR_FAILURE) [nsIObserverService.removeObserver]"  nsresult: "0x80004005 (NS_ERROR_FAILURE)"  location: "JS frame :: resource://activity-stream/lib/SnippetsFeed.jsm :: uninit :: line 125"  data: no] Stack trace: uninit()@resource://activity-stream/lib/SnippetsFeed.jsm:125 < onAction()@resource://activity-stream/lib/SnippetsFeed.jsm:141 < _middleware/</<()@resource://activity-stream/lib/Store.jsm:51 < Store/this[method]()@resource://activity-stream/lib/Store.jsm:30 < uninit()@resource://activity-stream/lib/Store.jsm:153 < uninit()@resource://activity-stream/lib/ActivityStream.jsm:274 < uninit()@resource://gre/modules/addons/XPIProvider.jsm -> jar:file:///usr/lib/firefox/browser/features/activity-stream@mozilla.org.xpi!/bootstrap.js:80 < shutdown()@resource://gre/modules/addons/XPIProvider.jsm -> jar:file:///usr/lib/firefox/browser/features/activity-stream@mozilla.org.xpi!/bootstrap.js:196 < callBootstrapMethod()@resource://gre/modules/addons/XPIProvider.jsm:4419 < observe()@resource://gre/modules/addons/XPIProvider.jsm:2279 < GeckoDriver.prototype.quit()@driver.js:3270 < despatch()@server.js:557 < execute()@server.js:531 < onPacket/<()@server.js:506 < onPacket()@server.js:505 < _onJSONObjectReady/<()@transport.js:500
[Child 5715, Chrome_ChildThread] WARNING: pipe error (23): Connection reset by peer: file /build/firefox-bnkF86/firefox-59.0+build5/ipc/chromium/src/chrome/common/ipc_channel_posix.cc, line 353
[Child 5715, Chrome_ChildThread] WARNING: pipe error (22): Connection reset by peer: file /build/firefox-bnkF86/firefox-59.0+build5/ipc/chromium/src/chrome/common/ipc_channel_posix.cc, line 353
[Child 5658, Chrome_ChildThread] WARNING: pipe error (15): Connection reset by peer: file /build/firefox-bnkF86/firefox-59.0+build5/ipc/chromium/src/chrome/common/ipc_channel_posix.cc, line 353
[Child 5715, Chrome_ChildThread] WARNING: pipe error (3): Connection reset by peer: file /build/firefox-bnkF86/firefox-59.0+build5/ipc/chromium/src/chrome/common/ipc_channel_posix.cc, line 353
[Child 5658, Chrome_ChildThread] WARNING: pipe error (3): Connection reset by peer: file /build/firefox-bnkF86/firefox-59.0+build5/ipc/chromium/src/chrome/common/ipc_channel_posix.cc, line 353
1522307259664	geckodriver	INFO	geckodriver 0.19.1
1522307259667	geckodriver	INFO	Listening on 127.0.0.1:55073
1522307260759	mozrunner::runner	INFO	Running command: "/usr/bin/firefox" "-marionette" "-profile" "/tmp/rust_mozprofile.clDLwePICnCX"
1522307261452	Marionette	INFO	Enabled via --marionette
1522307263498	Marionette	INFO	Listening on port 46821
1522307263568	Marionette	WARN	TLS certificate errors will be ignored for this session
[Child 5856, Chrome_ChildThread] WARNING: pipe error (15): Connection reset by peer: file /build/firefox-bnkF86/firefox-59.0+build5/ipc/chromium/src/chrome/common/ipc_channel_posix.cc, line 353
[Child 5856, Chrome_ChildThread] WARNING: pipe error (34): Connection reset by peer: file /build/firefox-bnkF86/firefox-59.0+build5/ipc/chromium/src/chrome/common/ipc_channel_posix.cc, line 353
[Child 5856, Chrome_ChildThread] WARNING: pipe error (3): Connection reset by peer: file /build/firefox-bnkF86/firefox-59.0+build5/ipc/chromium/src/chrome/common/ipc_channel_posix.cc, line 353
1522307334188	geckodriver	INFO	geckodriver 0.19.1
1522307334192	geckodriver	INFO	Listening on 127.0.0.1:52793
1522307335284	mozrunner::runner	INFO	Running command: "/usr/bin/firefox" "-marionette" "-profile" "/tmp/rust_mozprofile.uRNFKEgivFuf"
1522307335944	Marionette	INFO	Enabled via --marionette
1522307337968	Marionette	INFO	Listening on port 40103
1522307338000	Marionette	WARN	TLS certificate errors will be ignored for this session
1522307338276	addons.xpi	WARN	Exception running bootstrap method shutdown on activity-stream@mozilla.org: [Exception... "Component returned failure code: 0x80004005 (NS_ERROR_FAILURE) [nsIObserverService.removeObserver]"  nsresult: "0x80004005 (NS_ERROR_FAILURE)"  location: "JS frame :: resource://activity-stream/lib/SnippetsFeed.jsm :: uninit :: line 125"  data: no] Stack trace: uninit()@resource://activity-stream/lib/SnippetsFeed.jsm:125 < onAction()@resource://activity-stream/lib/SnippetsFeed.jsm:141 < _middleware/</<()@resource://activity-stream/lib/Store.jsm:51 < Store/this[method]()@resource://activity-stream/lib/Store.jsm:30 < uninit()@resource://activity-stream/lib/Store.jsm:153 < uninit()@resource://activity-stream/lib/ActivityStream.jsm:274 < uninit()@resource://gre/modules/addons/XPIProvider.jsm -> jar:file:///usr/lib/firefox/browser/features/activity-stream@mozilla.org.xpi!/bootstrap.js:80 < shutdown()@resource://gre/modules/addons/XPIProvider.jsm -> jar:file:///usr/lib/firefox/browser/features/activity-stream@mozilla.org.xpi!/bootstrap.js:196 < callBootstrapMethod()@resource://gre/modules/addons/XPIProvider.jsm:4419 < observe()@resource://gre/modules/addons/XPIProvider.jsm:2279 < GeckoDriver.prototype.quit()@driver.js:3270 < despatch()@server.js:557 < execute()@server.js:531 < onPacket/<()@server.js:506 < onPacket()@server.js:505 < _onJSONObjectReady/<()@transport.js:500
[Child 6114, Chrome_ChildThread] WARNING: pipe error (23): Connection reset by peer: file /build/firefox-bnkF86/firefox-59.0+build5/ipc/chromium/src/chrome/common/ipc_channel_posix.cc, line 353
[Child 6114, Chrome_ChildThread] WARNING: pipe error (22): Connection reset by peer: file /build/firefox-bnkF86/firefox-59.0+build5/ipc/chromium/src/chrome/common/ipc_channel_posix.cc, line 353
[Child 6114, Chrome_ChildThread] WARNING: pipe error (20): Connection reset by peer: file /build/firefox-bnkF86/firefox-59.0+build5/ipc/chromium/src/chrome/common/ipc_channel_posix.cc, line 353
[Child 6114, Chrome_ChildThread] WARNING: pipe error (19): Connection reset by peer: file /build/firefox-bnkF86/firefox-59.0+build5/ipc/chromium/src/chrome/common/ipc_channel_posix.cc, line 353
[Child 6114, Chrome_ChildThread] WARNING: pipe error (15): Connection reset by peer: file /build/firefox-bnkF86/firefox-59.0+build5/ipc/chromium/src/chrome/common/ipc_channel_posix.cc, line 353
[Child 6114, Chrome_ChildThread] WARNING: pipe error (3): Connection reset by peer: file /build/firefox-bnkF86/firefox-59.0+build5/ipc/chromium/src/chrome/common/ipc_channel_posix.cc, line 353
[Child 6052, Chrome_ChildThread] WARNING: pipe error (34): Connection reset by peer: file /build/firefox-bnkF86/firefox-59.0+build5/ipc/chromium/src/chrome/common/ipc_channel_posix.cc, line 353
[Child 6052, Chrome_ChildThread] WARNING: pipe error (15): Connection reset by peer: file /build/firefox-bnkF86/firefox-59.0+build5/ipc/chromium/src/chrome/common/ipc_channel_posix.cc, line 353
[Child 6052, Chrome_ChildThread] WARNING: pipe error (3): Connection reset by peer: file /build/firefox-bnkF86/firefox-59.0+build5/ipc/chromium/src/chrome/common/ipc_channel_posix.cc, line 353
1522307379811	geckodriver	INFO	geckodriver 0.19.1
1522307379815	geckodriver	INFO	Listening on 127.0.0.1:47197
1522307380906	mozrunner::runner	INFO	Running command: "/usr/bin/firefox" "-marionette" "-profile" "/tmp/rust_mozprofile.MDCtmb8VeLKn"
1522307381572	Marionette	INFO	Enabled via --marionette
1522307383574	Marionette	INFO	Listening on port 35367
1522307383616	Marionette	WARN	TLS certificate errors will be ignored for this session
*** UTM:SVC TimerManager:registerTimer called after profile-before-change notification. Ignoring timer registration for id: telemetry_modules_ping
1522310301004	geckodriver	INFO	geckodriver 0.19.1
1522310301006	geckodriver	INFO	Listening on 127.0.0.1:55101
1522310302098	mozrunner::runner	INFO	Running command: "/usr/bin/firefox" "-marionette" "-profile" "/tmp/rust_mozprofile.hjcgnJUZr8V8"
1522310302834	Marionette	INFO	Enabled via --marionette
1522310304786	Marionette	INFO	Listening on port 35629
1522310304808	Marionette	WARN	TLS certificate errors will be ignored for this session
*** UTM:SVC TimerManager:registerTimer called after profile-before-change notification. Ignoring timer registration for id: telemetry_modules_ping
1525886474497	geckodriver	INFO	geckodriver 0.19.1
1525886474514	geckodriver	INFO	Listening on 127.0.0.1:56667
1525886475657	mozrunner::runner	INFO	Running command: "/usr/bin/firefox" "-marionette" "-profile" "/tmp/rust_mozprofile.xOtIayxLXLWG"
1525886481414	Marionette	INFO	Enabled via --marionette
1525886486814	Marionette	INFO	Listening on port 36843
1525886486916	Marionette	WARN	TLS certificate errors will be ignored for this session
1525886487742	addons.xpi	WARN	Exception running bootstrap method shutdown on activity-stream@mozilla.org: [Exception... "Component returned failure code: 0x80004005 (NS_ERROR_FAILURE) [nsIObserverService.removeObserver]"  nsresult: "0x80004005 (NS_ERROR_FAILURE)"  location: "JS frame :: resource://activity-stream/lib/SnippetsFeed.jsm :: uninit :: line 125"  data: no] Stack trace: uninit()@resource://activity-stream/lib/SnippetsFeed.jsm:125 < onAction()@resource://activity-stream/lib/SnippetsFeed.jsm:141 < _middleware/</<()@resource://activity-stream/lib/Store.jsm:51 < Store/this[method]()@resource://activity-stream/lib/Store.jsm:30 < uninit()@resource://activity-stream/lib/Store.jsm:153 < uninit()@resource://activity-stream/lib/ActivityStream.jsm:274 < uninit()@resource://gre/modules/addons/XPIProvider.jsm -> jar:file:///usr/lib/firefox/browser/features/activity-stream@mozilla.org.xpi!/bootstrap.js:80 < shutdown()@resource://gre/modules/addons/XPIProvider.jsm -> jar:file:///usr/lib/firefox/browser/features/activity-stream@mozilla.org.xpi!/bootstrap.js:196 < callBootstrapMethod()@resource://gre/modules/addons/XPIProvider.jsm:4419 < observe()@resource://gre/modules/addons/XPIProvider.jsm:2279 < GeckoDriver.prototype.quit()@driver.js:3270 < despatch()@server.js:557 < execute()@server.js:531 < onPacket/<()@server.js:506 < onPacket()@server.js:505 < _onJSONObjectReady/<()@transport.js:500
JavaScript error: resource://shield-recipe-client/lib/ShieldRecipeClient.jsm, line 70: TypeError: log is undefined
1529147127613	geckodriver	INFO	geckodriver 0.19.1
1529147127618	geckodriver	INFO	Listening on 127.0.0.1:59143
1529147128778	mozrunner::runner	INFO	Running command: "/usr/bin/firefox" "-marionette" "-profile" "/tmp/rust_mozprofile.Q9qGp89uNnKX"
1529147132897	Marionette	INFO	Listening on port 43403
1529147132990	Marionette	WARN	TLS certificate errors will be ignored for this session
1529147133300	addons.xpi	WARN	Exception running bootstrap method shutdown on activity-stream@mozilla.org: [Exception... "Component returned failure code: 0x80004005 (NS_ERROR_FAILURE) [nsIObserverService.removeObserver]"  nsresult: "0x80004005 (NS_ERROR_FAILURE)"  location: "JS frame :: resource://activity-stream/lib/SnippetsFeed.jsm :: uninit :: line 185"  data: no] Stack trace: uninit()@resource://activity-stream/lib/SnippetsFeed.jsm:185
onAction()@resource://activity-stream/lib/SnippetsFeed.jsm:201
_middleware/</<()@resource://activity-stream/lib/Store.jsm:49
Store/this[method]()@resource://activity-stream/lib/Store.jsm:28
uninit()@resource://activity-stream/lib/Store.jsm:151
uninit()@resource://activity-stream/lib/ActivityStream.jsm:300
uninit()@resource://gre/modules/addons/XPIProvider.jsm -> jar:file:///usr/lib/firefox/browser/features/activity-stream@mozilla.org.xpi!/bootstrap.js:73
shutdown()@resource://gre/modules/addons/XPIProvider.jsm -> jar:file:///usr/lib/firefox/browser/features/activity-stream@mozilla.org.xpi!/bootstrap.js:169
callBootstrapMethod()@resource://gre/modules/addons/XPIProvider.jsm:4436
observe()@resource://gre/modules/addons/XPIProvider.jsm:2287
GeckoDriver.prototype.quit()@driver.js:3300
despatch()@server.js:293
execute()@server.js:267
onPacket/<()@server.js:242
onPacket()@server.js:241
_onJSONObjectReady/<()@transport.js:500
[Child 27054, Chrome_ChildThread] WARNING: pipe error (17): Connection reset by peer: file /build/firefox-SqrJ_m/firefox-60.0.1+build2/ipc/chromium/src/chrome/common/ipc_channel_posix.cc, line 353
[Child 27054, Chrome_ChildThread] WARNING: pipe error (3): Connection reset by peer: file /build/firefox-SqrJ_m/firefox-60.0.1+build2/ipc/chromium/src/chrome/common/ipc_channel_posix.cc, line 353
1529147599471	geckodriver	INFO	geckodriver 0.19.1
1529147599474	geckodriver	INFO	Listening on 127.0.0.1:36033
1529147600568	mozrunner::runner	INFO	Running command: "/usr/bin/firefox" "-marionette" "-profile" "/tmp/rust_mozprofile.CBs8TaBM6s3W"
1529147603290	Marionette	INFO	Listening on port 45331
1529147603383	Marionette	WARN	TLS certificate errors will be ignored for this session
[Child 27368, Chrome_ChildThread] WARNING: pipe error (17): Connection reset by peer: file /build/firefox-SqrJ_m/firefox-60.0.1+build2/ipc/chromium/src/chrome/common/ipc_channel_posix.cc, line 353
[Child 27368, Chrome_ChildThread] WARNING: pipe error (3): Connection reset by peer: file /build/firefox-SqrJ_m/firefox-60.0.1+build2/ipc/chromium/src/chrome/common/ipc_channel_posix.cc, line 353
1529150752884	geckodriver	INFO	geckodriver 0.19.1
1529150752888	geckodriver	INFO	Listening on 127.0.0.1:46417
1529150753979	mozrunner::runner	INFO	Running command: "/usr/bin/firefox" "-marionette" "-profile" "/tmp/rust_mozprofile.6WfTI3mPA9Pe"
1529150756851	Marionette	INFO	Listening on port 40263
1529150756897	Marionette	WARN	TLS certificate errors will be ignored for this session
[Child 28197, Chrome_ChildThread] WARNING: pipe error (17): Connection reset by peer: file /build/firefox-SqrJ_m/firefox-60.0.1+build2/ipc/chromium/src/chrome/common/ipc_channel_posix.cc, line 353
[Child 28197, Chrome_ChildThread] WARNING: pipe error (3): Connection reset by peer: file /build/firefox-SqrJ_m/firefox-60.0.1+build2/ipc/chromium/src/chrome/common/ipc_channel_posix.cc, line 353
1529150775721	geckodriver	INFO	geckodriver 0.19.1
1529150775724	geckodriver	INFO	Listening on 127.0.0.1:58521
1529150776823	mozrunner::runner	INFO	Running command: "/usr/bin/firefox" "-marionette" "-profile" "/tmp/rust_mozprofile.JYFkE0LpMLbg"
1529150779772	Marionette	INFO	Listening on port 39505
1529150779853	Marionette	WARN	TLS certificate errors will be ignored for this session
[Child 28392, Chrome_ChildThread] WARNING: pipe error (3): Connection reset by peer: file /build/firefox-SqrJ_m/firefox-60.0.1+build2/ipc/chromium/src/chrome/common/ipc_channel_posix.cc, line 353
1529150816457	geckodriver	INFO	geckodriver 0.19.1
1529150816460	geckodriver	INFO	Listening on 127.0.0.1:44659
1529150817554	mozrunner::runner	INFO	Running command: "/usr/bin/firefox" "-marionette" "-profile" "/tmp/rust_mozprofile.fOiJjWaZGjVN"
1529150820362	Marionette	INFO	Listening on port 38655
1529150820465	Marionette	WARN	TLS certificate errors will be ignored for this session
[Child 28595, Chrome_ChildThread] WARNING: pipe error (17): Connection reset by peer: file /build/firefox-SqrJ_m/firefox-60.0.1+build2/ipc/chromium/src/chrome/common/ipc_channel_posix.cc, line 353
[Child 28595, Chrome_ChildThread] WARNING: pipe error (3): Connection reset by peer: file /build/firefox-SqrJ_m/firefox-60.0.1+build2/ipc/chromium/src/chrome/common/ipc_channel_posix.cc, line 353
1529150966050	geckodriver	INFO	geckodriver 0.19.1
1529150966053	geckodriver	INFO	Listening on 127.0.0.1:59217
1529150967146	mozrunner::runner	INFO	Running command: "/usr/bin/firefox" "-marionette" "-profile" "/tmp/rust_mozprofile.mnv2WMl4H2gs"
1529150970065	Marionette	INFO	Listening on port 45043
1529150970160	Marionette	WARN	TLS certificate errors will be ignored for this session
[Child 28822, Chrome_ChildThread] WARNING: pipe error (17): Connection reset by peer: file /build/firefox-SqrJ_m/firefox-60.0.1+build2/ipc/chromium/src/chrome/common/ipc_channel_posix.cc, line 353
[Child 28822, Chrome_ChildThread] WARNING: pipe error (3): Connection reset by peer: file /build/firefox-SqrJ_m/firefox-60.0.1+build2/ipc/chromium/src/chrome/common/ipc_channel_posix.cc, line 353
1529151210205	geckodriver	INFO	geckodriver 0.19.1
1529151210208	geckodriver	INFO	Listening on 127.0.0.1:44759
1529151211305	mozrunner::runner	INFO	Running command: "/usr/bin/firefox" "-marionette" "-profile" "/tmp/rust_mozprofile.1rnKIvcRxd7l"
1529151214165	Marionette	INFO	Listening on port 45573
1529151214214	Marionette	WARN	TLS certificate errors will be ignored for this session
[Child 29061, Chrome_ChildThread] WARNING: pipe error (17): Connection reset by peer: file /build/firefox-SqrJ_m/firefox-60.0.1+build2/ipc/chromium/src/chrome/common/ipc_channel_posix.cc, line 353
[Child 29061, Chrome_ChildThread] WARNING: pipe error (3): Connection reset by peer: file /build/firefox-SqrJ_m/firefox-60.0.1+build2/ipc/chromium/src/chrome/common/ipc_channel_posix.cc, line 353
1529151304775	geckodriver	INFO	geckodriver 0.19.1
1529151304778	geckodriver	INFO	Listening on 127.0.0.1:43521
1529151305871	mozrunner::runner	INFO	Running command: "/usr/bin/firefox" "-marionette" "-profile" "/tmp/rust_mozprofile.lHjrY5TqTVkx"
1529151308891	Marionette	INFO	Listening on port 39057
1529151308982	Marionette	WARN	TLS certificate errors will be ignored for this session
[Child 29290, Chrome_ChildThread] WARNING: pipe error (17): Connection reset by peer: file /build/firefox-SqrJ_m/firefox-60.0.1+build2/ipc/chromium/src/chrome/common/ipc_channel_posix.cc, line 353
[Child 29290, Chrome_ChildThread] WARNING: pipe error (3): Connection reset by peer: file /build/firefox-SqrJ_m/firefox-60.0.1+build2/ipc/chromium/src/chrome/common/ipc_channel_posix.cc, line 353
1529151508338	geckodriver	INFO	geckodriver 0.19.1
1529151508341	geckodriver	INFO	Listening on 127.0.0.1:39923
1529151509431	mozrunner::runner	INFO	Running command: "/usr/bin/firefox" "-marionette" "-profile" "/tmp/rust_mozprofile.OTuKds7J91YF"
1529151512231	Marionette	INFO	Listening on port 41095
1529151512253	Marionette	WARN	TLS certificate errors will be ignored for this session
1529151514613	addons.xpi	WARN	Exception running bootstrap method shutdown on activity-stream@mozilla.org: [Exception... "Component returned failure code: 0x80004005 (NS_ERROR_FAILURE) [nsIObserverService.removeObserver]"  nsresult: "0x80004005 (NS_ERROR_FAILURE)"  location: "JS frame :: resource://activity-stream/lib/SnippetsFeed.jsm :: uninit :: line 185"  data: no] Stack trace: uninit()@resource://activity-stream/lib/SnippetsFeed.jsm:185
onAction()@resource://activity-stream/lib/SnippetsFeed.jsm:201
_middleware/</<()@resource://activity-stream/lib/Store.jsm:49
Store/this[method]()@resource://activity-stream/lib/Store.jsm:28
uninit()@resource://activity-stream/lib/Store.jsm:151
uninit()@resource://activity-stream/lib/ActivityStream.jsm:300
uninit()@resource://gre/modules/addons/XPIProvider.jsm -> jar:file:///usr/lib/firefox/browser/features/activity-stream@mozilla.org.xpi!/bootstrap.js:73
shutdown()@resource://gre/modules/addons/XPIProvider.jsm -> jar:file:///usr/lib/firefox/browser/features/activity-stream@mozilla.org.xpi!/bootstrap.js:169
callBootstrapMethod()@resource://gre/modules/addons/XPIProvider.jsm:4436
observe()@resource://gre/modules/addons/XPIProvider.jsm:2287
GeckoDriver.prototype.quit()@driver.js:3300
despatch()@server.js:293
execute()@server.js:267
onPacket/<()@server.js:242
onPacket()@server.js:241
_onJSONObjectReady/<()@transport.js:500
[Child 29524, Chrome_ChildThread] WARNING: pipe error (17): Connection reset by peer: file /build/firefox-SqrJ_m/firefox-60.0.1+build2/ipc/chromium/src/chrome/common/ipc_channel_posix.cc, line 353
[Child 29524, Chrome_ChildThread] WARNING: pipe error (3): Connection reset by peer: file /build/firefox-SqrJ_m/firefox-60.0.1+build2/ipc/chromium/src/chrome/common/ipc_channel_posix.cc, line 353
1529151568410	geckodriver	INFO	geckodriver 0.19.1
1529151568413	geckodriver	INFO	Listening on 127.0.0.1:56191
1529151569507	mozrunner::runner	INFO	Running command: "/usr/bin/firefox" "-marionette" "-profile" "/tmp/rust_mozprofile.bHP7zHASTieo"
1529151572275	Marionette	INFO	Listening on port 37315
1529151572322	Marionette	WARN	TLS certificate errors will be ignored for this session
[Child 29724, Chrome_ChildThread] WARNING: pipe error (17): Connection reset by peer: file /build/firefox-SqrJ_m/firefox-60.0.1+build2/ipc/chromium/src/chrome/common/ipc_channel_posix.cc, line 353
[Child 29724, Chrome_ChildThread] WARNING: pipe error (3): Connection reset by peer: file /build/firefox-SqrJ_m/firefox-60.0.1+build2/ipc/chromium/src/chrome/common/ipc_channel_posix.cc, line 353
1529151830107	geckodriver	INFO	geckodriver 0.19.1
1529151830110	geckodriver	INFO	Listening on 127.0.0.1:37309
1529151831203	mozrunner::runner	INFO	Running command: "/usr/bin/firefox" "-marionette" "-profile" "/tmp/rust_mozprofile.LRDdLbSZu7G7"
1529151834063	Marionette	INFO	Listening on port 32783
1529151834113	Marionette	WARN	TLS certificate errors will be ignored for this session
[Child 29969, Chrome_ChildThread] WARNING: pipe error (37): Connection reset by peer: file /build/firefox-SqrJ_m/firefox-60.0.1+build2/ipc/chromium/src/chrome/common/ipc_channel_posix.cc, line 353
[Child 29969, Chrome_ChildThread] WARNING: pipe error (17): Connection reset by peer: file /build/firefox-SqrJ_m/firefox-60.0.1+build2/ipc/chromium/src/chrome/common/ipc_channel_posix.cc, line 353
[Child 29969, Chrome_ChildThread] WARNING: pipe error (3): Connection reset by peer: file /build/firefox-SqrJ_m/firefox-60.0.1+build2/ipc/chromium/src/chrome/common/ipc_channel_posix.cc, line 353
1529151931180	geckodriver	INFO	geckodriver 0.19.1
1529151931183	geckodriver	INFO	Listening on 127.0.0.1:44309
1529151932268	mozrunner::runner	INFO	Running command: "/usr/bin/firefox" "-marionette" "-profile" "/tmp/rust_mozprofile.2RGqb9pbldm3"
1529151935140	Marionette	INFO	Listening on port 34759
1529151935183	Marionette	WARN	TLS certificate errors will be ignored for this session
[Child 30178, Chrome_ChildThread] WARNING: pipe error (17): Connection reset by peer: file /build/firefox-SqrJ_m/firefox-60.0.1+build2/ipc/chromium/src/chrome/common/ipc_channel_posix.cc, line 353
[GFX1-]: Receive IPC close with reason=AbnormalShutdown
[Child 30178, Chrome_ChildThread] WARNING: pipe error (3): Connection reset by peer: file /build/firefox-SqrJ_m/firefox-60.0.1+build2/ipc/chromium/src/chrome/common/ipc_channel_posix.cc, line 353
1529152016482	geckodriver	INFO	geckodriver 0.19.1
1529152016485	geckodriver	INFO	Listening on 127.0.0.1:52637
1529152017585	mozrunner::runner	INFO	Running command: "/usr/bin/firefox" "-marionette" "-profile" "/tmp/rust_mozprofile.gn06CTYxPiDY"
1529152020370	Marionette	INFO	Listening on port 36573
1529152020402	Marionette	WARN	TLS certificate errors will be ignored for this session
[Child 30433, Chrome_ChildThread] WARNING: pipe error (3): Connection reset by peer: file /build/firefox-SqrJ_m/firefox-60.0.1+build2/ipc/chromium/src/chrome/common/ipc_channel_posix.cc, line 353
1529152243266	geckodriver	INFO	geckodriver 0.19.1
1529152243269	geckodriver	INFO	Listening on 127.0.0.1:33287
1529152244360	mozrunner::runner	INFO	Running command: "/usr/bin/firefox" "-marionette" "-profile" "/tmp/rust_mozprofile.Toka5vvw2KrG"
1529152247180	Marionette	INFO	Listening on port 36953
1529152247271	Marionette	WARN	TLS certificate errors will be ignored for this session
[Child 30676, Chrome_ChildThread] WARNING: pipe error (17): Connection reset by peer: file /build/firefox-SqrJ_m/firefox-60.0.1+build2/ipc/chromium/src/chrome/common/ipc_channel_posix.cc, line 353
[Child 30676, Chrome_ChildThread] WARNING: pipe error (3): Connection reset by peer: file /build/firefox-SqrJ_m/firefox-60.0.1+build2/ipc/chromium/src/chrome/common/ipc_channel_posix.cc, line 353
1529152285016	geckodriver	INFO	geckodriver 0.19.1
1529152285019	geckodriver	INFO	Listening on 127.0.0.1:34509
1529152286114	mozrunner::runner	INFO	Running command: "/usr/bin/firefox" "-marionette" "-profile" "/tmp/rust_mozprofile.KUGxOBT4RPRJ"
1529152288999	Marionette	INFO	Listening on port 33957
1529152289032	Marionette	WARN	TLS certificate errors will be ignored for this session
[Child 30895, Chrome_ChildThread] WARNING: pipe error (17): Connection reset by peer: file /build/firefox-SqrJ_m/firefox-60.0.1+build2/ipc/chromium/src/chrome/common/ipc_channel_posix.cc, line 353
[Child 30895, Chrome_ChildThread] WARNING: pipe error (3): Connection reset by peer: file /build/firefox-SqrJ_m/firefox-60.0.1+build2/ipc/chromium/src/chrome/common/ipc_channel_posix.cc, line 353
1529152479665	geckodriver	INFO	geckodriver 0.19.1
1529152479668	geckodriver	INFO	Listening on 127.0.0.1:58543
1529152480768	mozrunner::runner	INFO	Running command: "/usr/bin/firefox" "-marionette" "-profile" "/tmp/rust_mozprofile.DejXdM4elUE9"
1529152483619	Marionette	INFO	Listening on port 34253
1529152483703	Marionette	WARN	TLS certificate errors will be ignored for this session
[Child 31132, Chrome_ChildThread] WARNING: pipe error (17): Connection reset by peer: file /build/firefox-SqrJ_m/firefox-60.0.1+build2/ipc/chromium/src/chrome/common/ipc_channel_posix.cc, line 353
[Child 31132, Chrome_ChildThread] WARNING: pipe error (3): Connection reset by peer: file /build/firefox-SqrJ_m/firefox-60.0.1+build2/ipc/chromium/src/chrome/common/ipc_channel_posix.cc, line 353
1529152618457	geckodriver	INFO	geckodriver 0.19.1
1529152618460	geckodriver	INFO	Listening on 127.0.0.1:50843
1529152619555	mozrunner::runner	INFO	Running command: "/usr/bin/firefox" "-marionette" "-profile" "/tmp/rust_mozprofile.l5cDwvItq9z6"
1529152622392	Marionette	INFO	Listening on port 33165
1529152622475	Marionette	WARN	TLS certificate errors will be ignored for this session
1529152624727	addons.xpi	WARN	Exception running bootstrap method shutdown on activity-stream@mozilla.org: [Exception... "Component returned failure code: 0x80004005 (NS_ERROR_FAILURE) [nsIObserverService.removeObserver]"  nsresult: "0x80004005 (NS_ERROR_FAILURE)"  location: "JS frame :: resource://activity-stream/lib/SnippetsFeed.jsm :: uninit :: line 185"  data: no] Stack trace: uninit()@resource://activity-stream/lib/SnippetsFeed.jsm:185
onAction()@resource://activity-stream/lib/SnippetsFeed.jsm:201
_middleware/</<()@resource://activity-stream/lib/Store.jsm:49
Store/this[method]()@resource://activity-stream/lib/Store.jsm:28
uninit()@resource://activity-stream/lib/Store.jsm:151
uninit()@resource://activity-stream/lib/ActivityStream.jsm:300
uninit()@resource://gre/modules/addons/XPIProvider.jsm -> jar:file:///usr/lib/firefox/browser/features/activity-stream@mozilla.org.xpi!/bootstrap.js:73
shutdown()@resource://gre/modules/addons/XPIProvider.jsm -> jar:file:///usr/lib/firefox/browser/features/activity-stream@mozilla.org.xpi!/bootstrap.js:169
callBootstrapMethod()@resource://gre/modules/addons/XPIProvider.jsm:4436
observe()@resource://gre/modules/addons/XPIProvider.jsm:2287
GeckoDriver.prototype.quit()@driver.js:3300
despatch()@server.js:293
execute()@server.js:267
onPacket/<()@server.js:242
onPacket()@server.js:241
_onJSONObjectReady/<()@transport.js:500
[Child 31390, Chrome_ChildThread] WARNING: pipe error (17): Connection reset by peer: file /build/firefox-SqrJ_m/firefox-60.0.1+build2/ipc/chromium/src/chrome/common/ipc_channel_posix.cc, line 353
[Child 31390, Chrome_ChildThread] WARNING: pipe error (3): Connection reset by peer: file /build/firefox-SqrJ_m/firefox-60.0.1+build2/ipc/chromium/src/chrome/common/ipc_channel_posix.cc, line 353
1529153014792	geckodriver	INFO	geckodriver 0.19.1
1529153014795	geckodriver	INFO	Listening on 127.0.0.1:50457
1529153015890	mozrunner::runner	INFO	Running command: "/usr/bin/firefox" "-marionette" "-profile" "/tmp/rust_mozprofile.CcwF1ejHCLId"
1529153018810	Marionette	INFO	Listening on port 43639
1529153018901	Marionette	WARN	TLS certificate errors will be ignored for this session
[Child 31818, Chrome_ChildThread] WARNING: pipe error (17): Connection reset by peer: file /build/firefox-SqrJ_m/firefox-60.0.1+build2/ipc/chromium/src/chrome/common/ipc_channel_posix.cc, line 353
[Child 31818, Chrome_ChildThread] WARNING: pipe error (3): Connection reset by peer: file /build/firefox-SqrJ_m/firefox-60.0.1+build2/ipc/chromium/src/chrome/common/ipc_channel_posix.cc, line 353
1529153380287	geckodriver	INFO	geckodriver 0.19.1
1529153380290	geckodriver	INFO	Listening on 127.0.0.1:44783
1529153381386	mozrunner::runner	INFO	Running command: "/usr/bin/firefox" "-marionette" "-profile" "/tmp/rust_mozprofile.js6VYxsLuZBC"
1529153384174	Marionette	INFO	Listening on port 40489
1529153384196	Marionette	WARN	TLS certificate errors will be ignored for this session
[Child 32097, Chrome_ChildThread] WARNING: pipe error (17): Connection reset by peer: file /build/firefox-SqrJ_m/firefox-60.0.1+build2/ipc/chromium/src/chrome/common/ipc_channel_posix.cc, line 353
[Child 32097, Chrome_ChildThread] WARNING: pipe error (3): Connection reset by peer: file /build/firefox-SqrJ_m/firefox-60.0.1+build2/ipc/chromium/src/chrome/common/ipc_channel_posix.cc, line 353
1529153486048	geckodriver	INFO	geckodriver 0.19.1
1529153486051	geckodriver	INFO	Listening on 127.0.0.1:44931
1529153487146	mozrunner::runner	INFO	Running command: "/usr/bin/firefox" "-marionette" "-profile" "/tmp/rust_mozprofile.Am1Ig14euiSs"
1529153490123	Marionette	INFO	Listening on port 38955
1529153490159	Marionette	WARN	TLS certificate errors will be ignored for this session
[Child 32336, Chrome_ChildThread] WARNING: pipe error (17): Connection reset by peer: file /build/firefox-SqrJ_m/firefox-60.0.1+build2/ipc/chromium/src/chrome/common/ipc_channel_posix.cc, line 353
1529153612349	geckodriver	INFO	geckodriver 0.19.1
1529153612351	geckodriver	INFO	Listening on 127.0.0.1:50263
1529153613445	mozrunner::runner	INFO	Running command: "/usr/bin/firefox" "-marionette" "-profile" "/tmp/rust_mozprofile.I4DQF0tD0gq8"
1529153616346	Marionette	INFO	Listening on port 40931
1529153616356	Marionette	WARN	TLS certificate errors will be ignored for this session
[Child 32626, Chrome_ChildThread] WARNING: pipe error (17): Connection reset by peer: file /build/firefox-SqrJ_m/firefox-60.0.1+build2/ipc/chromium/src/chrome/common/ipc_channel_posix.cc, line 353
1529153870344	geckodriver	INFO	geckodriver 0.19.1
1529153870347	geckodriver	INFO	Listening on 127.0.0.1:50903
1529153871442	mozrunner::runner	INFO	Running command: "/usr/bin/firefox" "-marionette" "-profile" "/tmp/rust_mozprofile.tSAhP1ziq5rJ"
1529153874364	Marionette	INFO	Listening on port 34529
1529153874456	Marionette	WARN	TLS certificate errors will be ignored for this session
1529153876736	addons.xpi	WARN	Exception running bootstrap method shutdown on activity-stream@mozilla.org: [Exception... "Component returned failure code: 0x80004005 (NS_ERROR_FAILURE) [nsIObserverService.removeObserver]"  nsresult: "0x80004005 (NS_ERROR_FAILURE)"  location: "JS frame :: resource://activity-stream/lib/SnippetsFeed.jsm :: uninit :: line 185"  data: no] Stack trace: uninit()@resource://activity-stream/lib/SnippetsFeed.jsm:185
onAction()@resource://activity-stream/lib/SnippetsFeed.jsm:201
_middleware/</<()@resource://activity-stream/lib/Store.jsm:49
Store/this[method]()@resource://activity-stream/lib/Store.jsm:28
uninit()@resource://activity-stream/lib/Store.jsm:151
uninit()@resource://activity-stream/lib/ActivityStream.jsm:300
uninit()@resource://gre/modules/addons/XPIProvider.jsm -> jar:file:///usr/lib/firefox/browser/features/activity-stream@mozilla.org.xpi!/bootstrap.js:73
shutdown()@resource://gre/modules/addons/XPIProvider.jsm -> jar:file:///usr/lib/firefox/browser/features/activity-stream@mozilla.org.xpi!/bootstrap.js:169
callBootstrapMethod()@resource://gre/modules/addons/XPIProvider.jsm:4436
observe()@resource://gre/modules/addons/XPIProvider.jsm:2287
GeckoDriver.prototype.quit()@driver.js:3300
despatch()@server.js:293
execute()@server.js:267
onPacket/<()@server.js:242
onPacket()@server.js:241
_onJSONObjectReady/<()@transport.js:500
1529153921341	geckodriver	INFO	geckodriver 0.19.1
1529153921344	geckodriver	INFO	Listening on 127.0.0.1:51569
1529153922443	mozrunner::runner	INFO	Running command: "/usr/bin/firefox" "-marionette" "-profile" "/tmp/rust_mozprofile.puxo2xwGI7X2"
1529153925425	Marionette	INFO	Listening on port 43873
1529153925457	Marionette	WARN	TLS certificate errors will be ignored for this session
[Child 624, Chrome_ChildThread] WARNING: pipe error (17): Connection reset by peer: file /build/firefox-SqrJ_m/firefox-60.0.1+build2/ipc/chromium/src/chrome/common/ipc_channel_posix.cc, line 353
[Child 624, Chrome_ChildThread] WARNING: pipe error (3): Connection reset by peer: file /build/firefox-SqrJ_m/firefox-60.0.1+build2/ipc/chromium/src/chrome/common/ipc_channel_posix.cc, line 353
1529154250861	geckodriver	INFO	geckodriver 0.19.1
1529154250864	geckodriver	INFO	Listening on 127.0.0.1:49073
1529154251961	mozrunner::runner	INFO	Running command: "/usr/bin/firefox" "-marionette" "-profile" "/tmp/rust_mozprofile.Iib0biASO96u"
1529154254747	Marionette	INFO	Listening on port 37927
1529154254772	Marionette	WARN	TLS certificate errors will be ignored for this session
[Child 1072, Chrome_ChildThread] WARNING: pipe error (17): Connection reset by peer: file /build/firefox-SqrJ_m/firefox-60.0.1+build2/ipc/chromium/src/chrome/common/ipc_channel_posix.cc, line 353
[Child 1072, Chrome_ChildThread] WARNING: pipe error (3): Connection reset by peer: file /build/firefox-SqrJ_m/firefox-60.0.1+build2/ipc/chromium/src/chrome/common/ipc_channel_posix.cc, line 353
1529154458358	geckodriver	INFO	geckodriver 0.19.1
1529154458361	geckodriver	INFO	Listening on 127.0.0.1:54059
1529154459459	mozrunner::runner	INFO	Running command: "/usr/bin/firefox" "-marionette" "-profile" "/tmp/rust_mozprofile.y7EG9584R9RZ"
1529154462425	Marionette	INFO	Listening on port 46357
1529154462471	Marionette	WARN	TLS certificate errors will be ignored for this session
[Child 1500, Chrome_ChildThread] WARNING: pipe error (17): Connection reset by peer: file /build/firefox-SqrJ_m/firefox-60.0.1+build2/ipc/chromium/src/chrome/common/ipc_channel_posix.cc, line 353
[Child 1500, Chrome_ChildThread] WARNING: pipe error (3): Connection reset by peer: file /build/firefox-SqrJ_m/firefox-60.0.1+build2/ipc/chromium/src/chrome/common/ipc_channel_posix.cc, line 353
1529154484676	geckodriver	INFO	geckodriver 0.19.1
1529154484679	geckodriver	INFO	Listening on 127.0.0.1:33417
1529154485769	mozrunner::runner	INFO	Running command: "/usr/bin/firefox" "-marionette" "-profile" "/tmp/rust_mozprofile.VHdzy0PTGgnR"
1529154488648	Marionette	INFO	Listening on port 40685
1529154488681	Marionette	WARN	TLS certificate errors will be ignored for this session
[Child 1825, Chrome_ChildThread] WARNING: pipe error (3): Connection reset by peer: file /build/firefox-SqrJ_m/firefox-60.0.1+build2/ipc/chromium/src/chrome/common/ipc_channel_posix.cc, line 353
1529154793716	geckodriver	INFO	geckodriver 0.19.1
1529154793719	geckodriver	INFO	Listening on 127.0.0.1:35035
1529154794813	mozrunner::runner	INFO	Running command: "/usr/bin/firefox" "-marionette" "-profile" "/tmp/rust_mozprofile.5mOhRogJPsnK"
1529154797584	Marionette	INFO	Listening on port 33819
1529154797628	Marionette	WARN	TLS certificate errors will be ignored for this session
[Child 2224, Chrome_ChildThread] WARNING: pipe error (17): Connection reset by peer: file /build/firefox-SqrJ_m/firefox-60.0.1+build2/ipc/chromium/src/chrome/common/ipc_channel_posix.cc, line 353
[Child 2224, Chrome_ChildThread] WARNING: pipe error (3): Connection reset by peer: file /build/firefox-SqrJ_m/firefox-60.0.1+build2/ipc/chromium/src/chrome/common/ipc_channel_posix.cc, line 353
1529155037877	geckodriver	INFO	geckodriver 0.19.1
1529155037880	geckodriver	INFO	Listening on 127.0.0.1:34913
1529155038974	mozrunner::runner	INFO	Running command: "/usr/bin/firefox" "-marionette" "-profile" "/tmp/rust_mozprofile.aysoeYmp7S0f"
1529155041900	Marionette	INFO	Listening on port 35007
1529155041995	Marionette	WARN	TLS certificate errors will be ignored for this session
[Child 2526, Chrome_ChildThread] WARNING: pipe error (17): Connection reset by peer: file /build/firefox-SqrJ_m/firefox-60.0.1+build2/ipc/chromium/src/chrome/common/ipc_channel_posix.cc, line 353
[Child 2526, Chrome_ChildThread] WARNING: pipe error (3): Connection reset by peer: file /build/firefox-SqrJ_m/firefox-60.0.1+build2/ipc/chromium/src/chrome/common/ipc_channel_posix.cc, line 353
1529155065424	geckodriver	INFO	geckodriver 0.19.1
1529155065428	geckodriver	INFO	Listening on 127.0.0.1:54453
1529155066525	mozrunner::runner	INFO	Running command: "/usr/bin/firefox" "-marionette" "-profile" "/tmp/rust_mozprofile.4Y8GR7mrTyrL"
1529155069300	Marionette	INFO	Listening on port 39665
1529155069335	Marionette	WARN	TLS certificate errors will be ignored for this session
[Child 2747, Chrome_ChildThread] WARNING: pipe error (17): Connection reset by peer: file /build/firefox-SqrJ_m/firefox-60.0.1+build2/ipc/chromium/src/chrome/common/ipc_channel_posix.cc, line 353
[Child 2747, Chrome_ChildThread] WARNING: pipe error (3): Connection reset by peer: file /build/firefox-SqrJ_m/firefox-60.0.1+build2/ipc/chromium/src/chrome/common/ipc_channel_posix.cc, line 353
1529155160558	geckodriver	INFO	geckodriver 0.19.1
1529155160561	geckodriver	INFO	Listening on 127.0.0.1:58159
1529155161656	mozrunner::runner	INFO	Running command: "/usr/bin/firefox" "-marionette" "-profile" "/tmp/rust_mozprofile.GZ9oGk01DNmw"
1529155164459	Marionette	INFO	Listening on port 42905
1529155164469	Marionette	WARN	TLS certificate errors will be ignored for this session
[Child 2992, Chrome_ChildThread] WARNING: pipe error (3): Connection reset by peer: file /build/firefox-SqrJ_m/firefox-60.0.1+build2/ipc/chromium/src/chrome/common/ipc_channel_posix.cc, line 353
[GFX1-]: Receive IPC close with reason=AbnormalShutdown
1529214084271	geckodriver	INFO	geckodriver 0.19.1
1529214084273	geckodriver	INFO	Listening on 127.0.0.1:43879
1529214085369	mozrunner::runner	INFO	Running command: "/usr/bin/firefox" "-marionette" "-profile" "/tmp/rust_mozprofile.FKdn6Lx0DVWt"
1529214088230	Marionette	INFO	Listening on port 42549
1529214088278	Marionette	WARN	TLS certificate errors will be ignored for this session
[Child 7676, Chrome_ChildThread] WARNING: pipe error (17): Connection reset by peer: file /build/firefox-SqrJ_m/firefox-60.0.1+build2/ipc/chromium/src/chrome/common/ipc_channel_posix.cc, line 353
[Child 7676, Chrome_ChildThread] WARNING: pipe error (3): Connection reset by peer: file /build/firefox-SqrJ_m/firefox-60.0.1+build2/ipc/chromium/src/chrome/common/ipc_channel_posix.cc, line 353
1529225958624	geckodriver	INFO	geckodriver 0.19.1
1529225958627	geckodriver	INFO	Listening on 127.0.0.1:33437
1529225959725	mozrunner::runner	INFO	Running command: "/usr/bin/firefox" "-marionette" "-profile" "/tmp/rust_mozprofile.Syocfg11fIc1"
1529225962564	Marionette	INFO	Listening on port 43447
1529225962648	Marionette	WARN	TLS certificate errors will be ignored for this session
[Child 9135, Chrome_ChildThread] WARNING: pipe error (17): Connection reset by peer: file /build/firefox-SqrJ_m/firefox-60.0.1+build2/ipc/chromium/src/chrome/common/ipc_channel_posix.cc, line 353
1529226557450	geckodriver	INFO	geckodriver 0.19.1
1529226557453	geckodriver	INFO	Listening on 127.0.0.1:57037
1529226558542	mozrunner::runner	INFO	Running command: "/usr/bin/firefox" "-marionette" "-profile" "/tmp/rust_mozprofile.QQhuTRBuI4UR"
1529226561709	Marionette	INFO	Listening on port 35129
1529226561766	Marionette	WARN	TLS certificate errors will be ignored for this session
1529226563177	addons.xpi	WARN	Exception running bootstrap method shutdown on activity-stream@mozilla.org: [Exception... "Component returned failure code: 0x80004005 (NS_ERROR_FAILURE) [nsIObserverService.removeObserver]"  nsresult: "0x80004005 (NS_ERROR_FAILURE)"  location: "JS frame :: resource://activity-stream/lib/SnippetsFeed.jsm :: uninit :: line 185"  data: no] Stack trace: uninit()@resource://activity-stream/lib/SnippetsFeed.jsm:185
onAction()@resource://activity-stream/lib/SnippetsFeed.jsm:201
_middleware/</<()@resource://activity-stream/lib/Store.jsm:49
Store/this[method]()@resource://activity-stream/lib/Store.jsm:28
uninit()@resource://activity-stream/lib/Store.jsm:151
uninit()@resource://activity-stream/lib/ActivityStream.jsm:300
uninit()@resource://gre/modules/addons/XPIProvider.jsm -> jar:file:///usr/lib/firefox/browser/features/activity-stream@mozilla.org.xpi!/bootstrap.js:73
shutdown()@resource://gre/modules/addons/XPIProvider.jsm -> jar:file:///usr/lib/firefox/browser/features/activity-stream@mozilla.org.xpi!/bootstrap.js:169
callBootstrapMethod()@resource://gre/modules/addons/XPIProvider.jsm:4436
observe()@resource://gre/modules/addons/XPIProvider.jsm:2287
1529227218831	geckodriver	INFO	geckodriver 0.19.1
1529227218834	geckodriver	INFO	Listening on 127.0.0.1:54869
1529227219925	mozrunner::runner	INFO	Running command: "/usr/bin/firefox" "-marionette" "-profile" "/tmp/rust_mozprofile.tiNE90YHz3ky"
1529227222724	Marionette	INFO	Listening on port 34407
1529227222746	Marionette	WARN	TLS certificate errors will be ignored for this session
[Child 10410, Chrome_ChildThread] WARNING: pipe error (17): Connection reset by peer: file /build/firefox-SqrJ_m/firefox-60.0.1+build2/ipc/chromium/src/chrome/common/ipc_channel_posix.cc, line 353
[Child 10410, Chrome_ChildThread] WARNING: pipe error (3): Connection reset by peer: file /build/firefox-SqrJ_m/firefox-60.0.1+build2/ipc/chromium/src/chrome/common/ipc_channel_posix.cc, line 353
